Source/DemoApp/DemoApp/build/outputs/logs/manifest-merger-device-debug-report.txt
-- Merging decision tree log ---
manifest
ADDED from src/main/AndroidManifest.xml:2:1-44:12
	package
		ADDED from src/main/AndroidManifest.xml:3:5-38
		INJECTED from src/main/AndroidManifest.xml
		INJECTED from src/main/AndroidManifest.xml
	android:versionName
		INJECTED from src/main/AndroidManifest.xml
		INJECTED from src/main/AndroidManifest.xml
	xmlns:tools
		ADDED from src/main/AndroidManifest.xml:5:5-51
	xmlns:android
		ADDED from src/main/AndroidManifest.xml:4:5-63
	android:versionCode
		INJECTED from src/main/AndroidManifest.xml
		INJECTED from src/main/AndroidManifest.xml
uses-permission#android.permission.INTERNET
ADDED from src/main/AndroidManifest.xml:7:5-66
MERGED from [com.philips.cdp:registrationApi:10.2.0-SNAPSHOT.20170627180225] AndroidManifest.xml:11:5-67
MERGED from [com.philips.cdp:hsdp:1.2.0-SNAPSHOT.20170627180226] AndroidManifest.xml:16:5-67
MERGED from [com.philips.cdp:jump:6.3.0-SNAPSHOT.20170627180225] AndroidManifest.xml:26:5-67
MERGED from [net.openid:appauth:0.4.1] AndroidManifest.xml:24:5-67
MERGED from [com.philips.cdp:prx:3.3.0-SNAPSHOT.20170626141942] AndroidManifest.xml:11:5-67
MERGED from [com.philips.cdp:AppInfra:1.7.0-SNAPSHOT.20170626194124] AndroidManifest.xml:11:5-67
	android:name
		ADDED from src/main/AndroidManifest.xml:7:22-64
application
ADDED from src/main/AndroidManifest.xml:9:5-42:19
MERGED from [com.philips.cdp:DemoUApp:2.5.0-SNAPSHOT.20170628175334] AndroidManifest.xml:11:5-15:19
MERGED from [com.philips.cdp:product-registration-lib:2.5.0-SNAPSHOT.20170628175333] AndroidManifest.xml:11:5-49:19
MERGED from [com.philips.cdp:uikitLib:3.9.0-SNAPSHOT.20170627090737] AndroidManifest.xml:11:5-14:19
MERGED from [uk.co.chrisjenx:calligraphy:2.1.0] AndroidManifest.xml:11:5-20
MERGED from [com.shamanland:fonticon:0.1.8] AndroidManifest.xml:12:5-20
MERGED from [com.android.support:cardview-v7:25.3.1] AndroidManifest.xml:26:5-20
MERGED from [com.philips.cdp:registrationApi:10.2.0-SNAPSHOT.20170627180225] AndroidManifest.xml:25:5-53:19
MERGED from [com.philips.cdp:hsdp:1.2.0-SNAPSHOT.20170627180226] AndroidManifest.xml:18:5-20:19
MERGED from [com.philips.cdp:jump:6.3.0-SNAPSHOT.20170627180225] AndroidManifest.xml:55:5-57:19
MERGED from [net.openid:appauth:0.4.1] AndroidManifest.xml:26:5-44:19
MERGED from [com.philips.cdp:prx:3.3.0-SNAPSHOT.20170626141942] AndroidManifest.xml:13:5-16:19
MERGED from [com.android.volley:volley:1.0.0] AndroidManifest.xml:9:5-20
MERGED from [com.android.support:design:25.3.1] AndroidManifest.xml:29:5-20
MERGED from [com.android.support:appcompat-v7:25.3.1] AndroidManifest.xml:29:5-20
MERGED from [com.android.support:animated-vector-drawable:25.3.1] AndroidManifest.xml:26:5-20
MERGED from [com.android.support:support-vector-drawable:25.3.1] AndroidManifest.xml:26:5-20
MERGED from [com.android.support:transition:25.3.1] AndroidManifest.xml:26:5-20
MERGED from [com.android.support:support-v4:25.3.1] AndroidManifest.xml:29:5-20
MERGED from [com.android.support:support-fragment:25.3.1] AndroidManifest.xml:29:5-20
MERGED from [com.android.support:support-media-compat:25.3.1] AndroidManifest.xml:29:5-20
MERGED from [com.android.support:support-core-ui:25.3.1] AndroidManifest.xml:29:5-20
MERGED from [com.android.support:support-core-utils:25.3.1] AndroidManifest.xml:29:5-20
MERGED from [com.android.support:customtabs:25.3.1] AndroidManifest.xml:26:5-20
MERGED from [com.android.support:support-compat:25.3.1] AndroidManifest.xml:29:5-20
	android:label
		ADDED from src/main/AndroidManifest.xml:13:9-41
		REJECTED from [com.philips.cdp:DemoUApp:2.5.0-SNAPSHOT.20170628175334] AndroidManifest.xml:13:9-41
		REJECTED from [com.philips.cdp:product-registration-lib:2.5.0-SNAPSHOT.20170628175333] AndroidManifest.xml:13:9-41
		REJECTED from [com.philips.cdp:uikitLib:3.9.0-SNAPSHOT.20170627090737] AndroidManifest.xml:13:9-41
		REJECTED from [com.philips.cdp:prx:3.3.0-SNAPSHOT.20170626141942] AndroidManifest.xml:15:9-41
	android:supportsRtl
		ADDED from src/main/AndroidManifest.xml:14:9-35
	android:allowBackup
		ADDED from src/main/AndroidManifest.xml:11:9-35
	android:icon
		ADDED from src/main/AndroidManifest.xml:12:9-43
	android:theme
		ADDED from src/main/AndroidManifest.xml:15:9-79
	tools:replace
		ADDED from src/main/AndroidManifest.xml:16:9-78
	android:name
		ADDED from src/main/AndroidManifest.xml:10:9-78
activity#net.openid.appauth.RedirectUriReceiverActivity
ADDED from src/main/AndroidManifest.xml:17:9-27:20
MERGED from [com.philips.cdp:product-registration-lib:2.5.0-SNAPSHOT.20170628175333] AndroidManifest.xml:24:9-36:20
MERGED from [net.openid:appauth:0.4.1] AndroidManifest.xml:32:9-43:20
	android:exported
		ADDED from [net.openid:appauth:0.4.1] AndroidManifest.xml:34:13-36
	android:name
		ADDED from src/main/AndroidManifest.xml:18:13-74
intent-filter#android.intent.action.VIEW+android.intent.category.BROWSABLE+android.intent.category.DEFAULT
ADDED from src/main/AndroidManifest.xml:19:13-26:29
action#android.intent.action.VIEW
ADDED from src/main/AndroidManifest.xml:20:17-68
	android:name
		ADDED from src/main/AndroidManifest.xml:20:25-66
category#android.intent.category.DEFAULT
ADDED from src/main/AndroidManifest.xml:21:17-75
	android:name
		ADDED from src/main/AndroidManifest.xml:21:27-73
category#android.intent.category.BROWSABLE
ADDED from src/main/AndroidManifest.xml:22:17-77
	android:name
		ADDED from src/main/AndroidManifest.xml:22:27-75
data
ADDED from src/main/AndroidManifest.xml:23:17-25:53
	android:path
		ADDED from src/main/AndroidManifest.xml:25:21-51
	android:host
		ADDED from src/main/AndroidManifest.xml:24:21-108
	android:scheme
		ADDED from src/main/AndroidManifest.xml:23:23-45
activity#com.janrain.android.engage.OpenIDAppAuthTokenActivity
ADDED from src/main/AndroidManifest.xml:29:9-34:20
MERGED from [com.philips.cdp:product-registration-lib:2.5.0-SNAPSHOT.20170628175333] AndroidManifest.xml:37:9-42:20
	android:label
		ADDED from src/main/AndroidManifest.xml:31:13-50
	android:windowSoftInputMode
		ADDED from src/main/AndroidManifest.xml:33:13-54
	android:theme
		ADDED from src/main/AndroidManifest.xml:32:13-62
	android:name
		ADDED from src/main/AndroidManifest.xml:30:13-81
activity#com.janrain.android.engage.OpenIDAppAuthCancelledActivity
ADDED from src/main/AndroidManifest.xml:36:9-41:20
MERGED from [com.philips.cdp:product-registration-lib:2.5.0-SNAPSHOT.20170628175333] AndroidManifest.xml:43:9-48:20
	android:label
		ADDED from src/main/AndroidManifest.xml:38:13-50
	android:windowSoftInputMode
		ADDED from src/main/AndroidManifest.xml:40:13-54
	android:theme
		ADDED from src/main/AndroidManifest.xml:39:13-62
	android:name
		ADDED from src/main/AndroidManifest.xml:37:13-85
uses-sdk
INJECTED from src/main/AndroidManifest.xml reason: use-sdk injection requested
MERGED from [com.philips.cdp:DemoUApp:2.5.0-SNAPSHOT.20170628175334] AndroidManifest.xml:7:5-9:41
MERGED from [com.philips.cdp:product-registration-lib:2.5.0-SNAPSHOT.20170628175333] AndroidManifest.xml:7:5-9:41
MERGED from [com.philips.cdp:uikitLib:3.9.0-SNAPSHOT.20170627090737] AndroidManifest.xml:7:5-9:41
MERGED from [uk.co.chrisjenx:calligraphy:2.1.0] AndroidManifest.xml:7:5-9:41
MERGED from [com.shamanland:fonticon:0.1.8] AndroidManifest.xml:8:5-10:41
MERGED from [com.android.support:cardview-v7:25.3.1] AndroidManifest.xml:20:5-43
MERGED from [com.philips.cdp:registrationApi:10.2.0-SNAPSHOT.20170627180225] AndroidManifest.xml:7:5-9:41
MERGED from [com.philips.cdp:hsdp:1.2.0-SNAPSHOT.20170627180226] AndroidManifest.xml:7:5-9:41
MERGED from [com.philips.cdp:jump:6.3.0-SNAPSHOT.20170627180225] AndroidManifest.xml:6:5-8:41
MERGED from [com.philips.cdp:uAppFwLib:1.6.0-SNAPSHOT.20170627175250] AndroidManifest.xml:7:5-9:41
MERGED from [com.jakewharton:butterknife:8.6.0] AndroidManifest.xml:5:5-43
MERGED from [io.reactivex.rxjava2:rxandroid:2.0.1] AndroidManifest.xml:19:5-43
MERGED from [net.openid:appauth:0.4.1] AndroidManifest.xml:20:5-22:41
MERGED from [com.philips.cdp:prx:3.3.0-SNAPSHOT.20170626141942] AndroidManifest.xml:7:5-9:41
MERGED from [com.philips.cdp:AppInfra:1.7.0-SNAPSHOT.20170626194124] AndroidManifest.xml:7:5-9:41
MERGED from [com.android.volley:volley:1.0.0] AndroidManifest.xml:7:5-43
MERGED from [com.android.support:design:25.3.1] AndroidManifest.xml:21:5-23:62
MERGED from [com.android.support:appcompat-v7:25.3.1] AndroidManifest.xml:21:5-23:78
MERGED from [com.android.support:animated-vector-drawable:25.3.1] AndroidManifest.xml:20:5-44
MERGED from [com.android.support:support-vector-drawable:25.3.1] AndroidManifest.xml:20:5-43
MERGED from [com.android.support:recyclerview-v7:25.3.1] AndroidManifest.xml:20:5-43
MERGED from [com.android.support:transition:25.3.1] AndroidManifest.xml:20:5-44
MERGED from [com.android.support:support-v4:25.3.1] AndroidManifest.xml:21:5-23:54
MERGED from [com.android.support:support-fragment:25.3.1] AndroidManifest.xml:21:5-23:60
MERGED from [com.android.support:support-media-compat:25.3.1] AndroidManifest.xml:21:5-23:63
MERGED from [com.android.support:support-core-ui:25.3.1] AndroidManifest.xml:21:5-23:58
MERGED from [com.android.support:support-core-utils:25.3.1] AndroidManifest.xml:21:5-23:61
MERGED from [com.android.support:multidex:1.0.1] AndroidManifest.xml:18:5-42
MERGED from [com.android.support:customtabs:25.3.1] AndroidManifest.xml:20:5-44
MERGED from [com.android.support:support-compat:25.3.1] AndroidManifest.xml:21:5-23:58
	tools:overrideLibrary
		ADDED from [com.android.support:design:25.3.1] AndroidManifest.xml:23:9-59
	android:targetSdkVersion
		INJECTED from src/main/AndroidManifest.xml
		INJECTED from src/main/AndroidManifest.xml
	android:minSdkVersion
		INJECTED from src/main/AndroidManifest.xml
		INJECTED from src/main/AndroidManifest.xml
activity#com.philips.cdp.prodreg.activity.ProdRegBaseActivity
ADDED from [com.philips.cdp:product-registration-lib:2.5.0-SNAPSHOT.20170628175333] AndroidManifest.xml:14:9-23:20
	android:windowSoftInputMode
		ADDED from [com.philips.cdp:product-registration-lib:2.5.0-SNAPSHOT.20170628175333] AndroidManifest.xml:17:13-73
	android:configChanges
		ADDED from [com.philips.cdp:product-registration-lib:2.5.0-SNAPSHOT.20170628175333] AndroidManifest.xml:16:13-74
	android:name
		ADDED from [com.philips.cdp:product-registration-lib:2.5.0-SNAPSHOT.20170628175333] AndroidManifest.xml:15:13-80
intent-filter#android.intent.action.SUPPORT_DIGITAL+android.intent.category.DEFAULT
ADDED from [com.philips.cdp:product-registration-lib:2.5.0-SNAPSHOT.20170628175333] AndroidManifest.xml:18:13-22:29
action#android.intent.action.SUPPORT_DIGITAL
ADDED from [com.philips.cdp:product-registration-lib:2.5.0-SNAPSHOT.20170628175333] AndroidManifest.xml:19:17-80
	android:name
		ADDED from [com.philips.cdp:product-registration-lib:2.5.0-SNAPSHOT.20170628175333] AndroidManifest.xml:19:25-77
meta-data#android.support.VERSION
ADDED from [com.android.support:cardview-v7:25.3.1] AndroidManifest.xml:22:5-24:34
MERGED from [com.android.support:design:25.3.1] AndroidManifest.xml:25:5-27:34
MERGED from [com.android.support:appcompat-v7:25.3.1] AndroidManifest.xml:25:5-27:34
MERGED from [com.android.support:animated-vector-drawable:25.3.1] AndroidManifest.xml:22:5-24:34
MERGED from [com.android.support:support-vector-drawable:25.3.1] AndroidManifest.xml:22:5-24:34
MERGED from [com.android.support:recyclerview-v7:25.3.1] AndroidManifest.xml:22:5-24:34
MERGED from [com.android.support:transition:25.3.1] AndroidManifest.xml:22:5-24:34
MERGED from [com.android.support:support-v4:25.3.1] AndroidManifest.xml:25:5-27:34
MERGED from [com.android.support:support-fragment:25.3.1] AndroidManifest.xml:25:5-27:34
MERGED from [com.android.support:support-media-compat:25.3.1] AndroidManifest.xml:25:5-27:34
MERGED from [com.android.support:support-core-ui:25.3.1] AndroidManifest.xml:25:5-27:34
MERGED from [com.android.support:support-core-utils:25.3.1] AndroidManifest.xml:25:5-27:34
MERGED from [com.android.support:customtabs:25.3.1] AndroidManifest.xml:22:5-24:34
MERGED from [com.android.support:support-compat:25.3.1] AndroidManifest.xml:25:5-27:34
	android:value
		ADDED from [com.android.support:cardview-v7:25.3.1] AndroidManifest.xml:24:9-31
	android:name
		ADDED from [com.android.support:cardview-v7:25.3.1] AndroidManifest.xml:23:9-47
uses-permission#android.permission.ACCESS_WIFI_STATE
ADDED from [com.philips.cdp:registrationApi:10.2.0-SNAPSHOT.20170627180225] AndroidManifest.xml:12:5-76
	android:name
		ADDED from [com.philips.cdp:registrationApi:10.2.0-SNAPSHOT.20170627180225] AndroidManifest.xml:12:22-73
uses-permission#android.permission.ACCESS_NETWORK_STATE
ADDED from [com.philips.cdp:registrationApi:10.2.0-SNAPSHOT.20170627180225] AndroidManifest.xml:13:5-79
MERGED from [com.philips.cdp:AppInfra:1.7.0-SNAPSHOT.20170626194124] AndroidManifest.xml:12:5-79
	android:name
		ADDED from [com.philips.cdp:registrationApi:10.2.0-SNAPSHOT.20170627180225] AndroidManifest.xml:13:22-76
uses-permission#android.permission.GET_ACCOUNTS
ADDED from [com.philips.cdp:registrationApi:10.2.0-SNAPSHOT.20170627180225] AndroidManifest.xml:14:5-71
	android:name
		ADDED from [com.philips.cdp:registrationApi:10.2.0-SNAPSHOT.20170627180225] AndroidManifest.xml:14:22-68
uses-permission#android.permission.USE_CREDENTIALS
ADDED from [com.philips.cdp:registrationApi:10.2.0-SNAPSHOT.20170627180225] AndroidManifest.xml:15:5-74
	android:name
		ADDED from [com.philips.cdp:registrationApi:10.2.0-SNAPSHOT.20170627180225] AndroidManifest.xml:15:22-71
uses-permission#android.permission.READ_PHONE_STATE
ADDED from [com.philips.cdp:registrationApi:10.2.0-SNAPSHOT.20170627180225] AndroidManifest.xml:16:5-75
	android:name
		ADDED from [com.philips.cdp:registrationApi:10.2.0-SNAPSHOT.20170627180225] AndroidManifest.xml:16:22-72
uses-permission#android.permission.WRITE_EXTERNAL_STORAGE
ADDED from [com.philips.cdp:registrationApi:10.2.0-SNAPSHOT.20170627180225] AndroidManifest.xml:17:5-81
	android:name
		ADDED from [com.philips.cdp:registrationApi:10.2.0-SNAPSHOT.20170627180225] AndroidManifest.xml:17:22-78
uses-permission#android.permission.AUTHENTICATE_ACCOUNTS
ADDED from [com.philips.cdp:registrationApi:10.2.0-SNAPSHOT.20170627180225] AndroidManifest.xml:18:5-80
	android:name
		ADDED from [com.philips.cdp:registrationApi:10.2.0-SNAPSHOT.20170627180225] AndroidManifest.xml:18:22-77
uses-permission#com.tencent.mm.plugin.permission.SEND
ADDED from [com.philips.cdp:registrationApi:10.2.0-SNAPSHOT.20170627180225] AndroidManifest.xml:19:5-77
	android:name
		ADDED from [com.philips.cdp:registrationApi:10.2.0-SNAPSHOT.20170627180225] AndroidManifest.xml:19:22-74
uses-permission#com.tencent.mm.plugin.permission.RECEIVE
ADDED from [com.philips.cdp:registrationApi:10.2.0-SNAPSHOT.20170627180225] AndroidManifest.xml:20:5-80
	android:name
		ADDED from [com.philips.cdp:registrationApi:10.2.0-SNAPSHOT.20170627180225] AndroidManifest.xml:20:22-77
uses-permission#com.tencent.mm.plugin.permission.READ
ADDED from [com.philips.cdp:registrationApi:10.2.0-SNAPSHOT.20170627180225] AndroidManifest.xml:21:5-77
	android:name
		ADDED from [com.philips.cdp:registrationApi:10.2.0-SNAPSHOT.20170627180225] AndroidManifest.xml:21:22-74
uses-permission#com.tencent.mm.plugin.permission.WRITE
ADDED from [com.philips.cdp:registrationApi:10.2.0-SNAPSHOT.20170627180225] AndroidManifest.xml:22:5-78
	android:name
		ADDED from [com.philips.cdp:registrationApi:10.2.0-SNAPSHOT.20170627180225] AndroidManifest.xml:22:22-75
uses-permission#com.tencent.mm.permission.MM_MESSAGE
ADDED from [com.philips.cdp:registrationApi:10.2.0-SNAPSHOT.20170627180225] AndroidManifest.xml:23:5-76
	android:name
		ADDED from [com.philips.cdp:registrationApi:10.2.0-SNAPSHOT.20170627180225] AndroidManifest.xml:23:22-73
activity#com.philips.cdp.registration.ui.traditional.RegistrationActivity
ADDED from [com.philips.cdp:registrationApi:10.2.0-SNAPSHOT.20170627180225] AndroidManifest.xml:28:9-30:62
	android:configChanges
		ADDED from [com.philips.cdp:registrationApi:10.2.0-SNAPSHOT.20170627180225] AndroidManifest.xml:30:13-59
	android:name
		ADDED from [com.philips.cdp:registrationApi:10.2.0-SNAPSHOT.20170627180225] AndroidManifest.xml:29:13-92
activity#com.janrain.android.engage.ui.JRFragmentHostActivity
ADDED from [com.philips.cdp:registrationApi:10.2.0-SNAPSHOT.20170627180225] AndroidManifest.xml:33:9-37:70
	android:windowSoftInputMode
		ADDED from [com.philips.cdp:registrationApi:10.2.0-SNAPSHOT.20170627180225] AndroidManifest.xml:37:13-67
	android:configChanges
		ADDED from [com.philips.cdp:registrationApi:10.2.0-SNAPSHOT.20170627180225] AndroidManifest.xml:35:13-107
	android:theme
		ADDED from [com.philips.cdp:registrationApi:10.2.0-SNAPSHOT.20170627180225] AndroidManifest.xml:36:13-62
	android:name
		ADDED from [com.philips.cdp:registrationApi:10.2.0-SNAPSHOT.20170627180225] AndroidManifest.xml:34:13-80
activity#com.janrain.android.engage.ui.JRFragmentHostActivity$Fullscreen
ADDED from [com.philips.cdp:registrationApi:10.2.0-SNAPSHOT.20170627180225] AndroidManifest.xml:38:9-42:70
	android:windowSoftInputMode
		ADDED from [com.philips.cdp:registrationApi:10.2.0-SNAPSHOT.20170627180225] AndroidManifest.xml:42:13-67
	android:configChanges
		ADDED from [com.philips.cdp:registrationApi:10.2.0-SNAPSHOT.20170627180225] AndroidManifest.xml:40:13-107
	android:theme
		ADDED from [com.philips.cdp:registrationApi:10.2.0-SNAPSHOT.20170627180225] AndroidManifest.xml:41:13-49
	android:name
		ADDED from [com.philips.cdp:registrationApi:10.2.0-SNAPSHOT.20170627180225] AndroidManifest.xml:39:13-91
service#com.philips.cdp.registration.HttpClientService
ADDED from [com.philips.cdp:registrationApi:10.2.0-SNAPSHOT.20170627180225] AndroidManifest.xml:46:9-82
	android:name
		ADDED from [com.philips.cdp:registrationApi:10.2.0-SNAPSHOT.20170627180225] AndroidManifest.xml:46:18-79
instrumentation
ADDED from [com.philips.cdp:hsdp:1.2.0-SNAPSHOT.20170627180226] AndroidManifest.xml:11:5-14:57
MERGED from [com.philips.cdp:jump:6.3.0-SNAPSHOT.20170627180225] AndroidManifest.xml:21:5-24:55
	android:label
		ADDED from [com.philips.cdp:hsdp:1.2.0-SNAPSHOT.20170627180226] AndroidManifest.xml:13:9-36
	android:targetPackage
		ADDED from [com.philips.cdp:hsdp:1.2.0-SNAPSHOT.20170627180226] AndroidManifest.xml:14:9-54
	android:name
		ADDED from [com.philips.cdp:hsdp:1.2.0-SNAPSHOT.20170627180226] AndroidManifest.xml:12:9-62
uses-library#android.test.runner
ADDED from [com.philips.cdp:hsdp:1.2.0-SNAPSHOT.20170627180226] AndroidManifest.xml:19:9-60
MERGED from [com.philips.cdp:jump:6.3.0-SNAPSHOT.20170627180225] AndroidManifest.xml:56:9-60
	android:name
		ADDED from [com.philips.cdp:hsdp:1.2.0-SNAPSHOT.20170627180226] AndroidManifest.xml:19:23-57
activity#net.openid.appauth.AuthorizationManagementActivity
ADDED from [net.openid:appauth:0.4.1] AndroidManifest.xml:27:9-31:75
	android:launchMode
		ADDED from [net.openid:appauth:0.4.1] AndroidManifest.xml:30:13-44
	android:exported
		ADDED from [net.openid:appauth:0.4.1] AndroidManifest.xml:29:13-37
	android:theme
		ADDED from [net.openid:appauth:0.4.1] AndroidManifest.xml:31:13-72
	android:name
		ADDED from [net.openid:appauth:0.4.1] AndroidManifest.xml:28:13-78